<?xml version="1.0" encoding="UTF-8"?>
<!-- Generated by org.testng.reporters.JUnitXMLReporter -->
<testsuite ignored="4" hostname="DESKTOP-38M9TK5" failures="1" tests="5" name="Command line test" time="107.981" errors="0" timestamp="2024-02-04T15:44:41 IST">
  <testcase classname="CreateProductTest" name="createProductAndVerifyProductInformation" time="21.981"/>
  <testcase classname="leads.ToCreateALeadTest" name="toCreatALeadAndVerifyTheLeadDetailsTest" time="14.283">
    <skipped/>
  </testcase> <!-- toCreatALeadAndVerifyTheLeadDetailsTest -->
  <testcase classname="leads.ToCreateALeadTest" name="toCreatALeadAndVerifyTheLeadDetailsTest" time="14.547">
    <skipped/>
  </testcase> <!-- toCreatALeadAndVerifyTheLeadDetailsTest -->
  <testcase classname="leads.ToCreateALeadTest" name="toCreatALeadAndVerifyTheLeadDetailsTest" time="13.75">
    <skipped/>
  </testcase> <!-- toCreatALeadAndVerifyTheLeadDetailsTest -->
  <testcase classname="leads.ToCreateALeadTest" name="toCreatALeadAndVerifyTheLeadDetailsTest" time="14.281">
    <failure type="java.lang.NullPointerException" message="Cannot invoke &amp;quot;java.sql.Connection.createStatement()&amp;quot; because &amp;quot;connection&amp;quot; is null">
      <![CDATA[java.lang.NullPointerException: Cannot invoke "java.sql.Connection.createStatement()" because "connection" is null
at genericUtility.DataBaseUtility.fetchDataFromDataBase(DataBaseUtility.java:10)
at leads.ToCreateALeadTest.toCreatALeadAndVerifyTheLeadDetailsTest(ToCreateALeadTest.java:59)
at java.base/java.util.ArrayList.forEach(ArrayList.java:1511)
... Removed 37 stack frames]]>
    </failure>
  </testcase> <!-- toCreatALeadAndVerifyTheLeadDetailsTest -->
  <testcase classname="genericUtility.BaseClass" name="@BeforeSuite bsConfig" time="0.0">
    <ignored/>
  </testcase> <!-- @BeforeSuite bsConfig -->
  <testcase classname="genericUtility.BaseClass" name="@BeforeTest btConfig" time="0.0">
    <ignored/>
  </testcase> <!-- @BeforeTest btConfig -->
  <testcase classname="genericUtility.BaseClass" name="@AfterTest atConfig" time="0.0">
    <ignored/>
  </testcase> <!-- @AfterTest atConfig -->
  <testcase classname="genericUtility.BaseClass" name="@AfterSuite asConfig" time="0.0">
    <ignored/>
  </testcase> <!-- @AfterSuite asConfig -->
</testsuite> <!-- Command line test -->
