-------------------------------------------------------------------------------
Test set: TestSuite
-------------------------------------------------------------------------------
Tests run: 5, Failures: 1, Errors: 0, Skipped: 3, Time elapsed: 110.193 sec <<< FAILURE!
toCreatALeadAndVerifyTheLeadDetailsTest(leads.ToCreateALeadTest)  Time elapsed: 14.274 sec  <<< FAILURE!
java.lang.NullPointerException: Cannot invoke "java.sql.Connection.createStatement()" because "connection" is null
	at genericUtility.DataBaseUtility.fetchDataFromDataBase(DataBaseUtility.java:10)
	at leads.ToCreateALeadTest.toCreatALeadAndVerifyTheLeadDetailsTest(ToCreateALeadTest.java:59)

