<?xml version="1.0" encoding="UTF-8"?>
<testng-results ignored="0" total="1" passed="1" failed="0" skipped="0">
  <reporter-output>
  </reporter-output>
  <suite started-at="2024-02-04T13:44:20 IST" name="Default suite" finished-at="2024-02-04T13:44:49 IST" duration-ms="29206">
    <groups>
    </groups>
    <test started-at="2024-02-04T13:44:20 IST" name="Default test" finished-at="2024-02-04T13:44:49 IST" duration-ms="29206">
      <class name="CreateProductTest">
        <test-method is-config="true" signature="bsConfig()[pri:0, instance:CreateProductTest@1c7696c6]" started-at="2024-02-04T13:44:19 IST" name="bsConfig" finished-at="2024-02-04T13:44:20 IST" duration-ms="478" status="PASS">
          <reporter-output>
          </reporter-output>
        </test-method> <!-- bsConfig -->
        <test-method is-config="true" signature="btConfig()[pri:0, instance:CreateProductTest@1c7696c6]" started-at="2024-02-04T13:44:20 IST" name="btConfig" finished-at="2024-02-04T13:44:20 IST" duration-ms="1" status="PASS">
          <reporter-output>
          </reporter-output>
        </test-method> <!-- btConfig -->
        <test-method is-config="true" signature="bcConfig()[pri:0, instance:CreateProductTest@1c7696c6]" started-at="2024-02-04T13:44:20 IST" name="bcConfig" finished-at="2024-02-04T13:44:24 IST" duration-ms="3650" status="PASS">
          <reporter-output>
          </reporter-output>
        </test-method> <!-- bcConfig -->
        <test-method is-config="true" signature="bmConfig()[pri:0, instance:CreateProductTest@1c7696c6]" started-at="2024-02-04T13:44:24 IST" name="bmConfig" finished-at="2024-02-04T13:44:27 IST" duration-ms="2936" status="PASS">
          <reporter-output>
          </reporter-output>
        </test-method> <!-- bmConfig -->
        <test-method signature="createProductAndVerifyProductInformation()[pri:0, instance:CreateProductTest@1c7696c6]" started-at="2024-02-04T13:44:27 IST" name="createProductAndVerifyProductInformation" finished-at="2024-02-04T13:44:47 IST" duration-ms="20714" status="PASS">
          <reporter-output>
          </reporter-output>
        </test-method> <!-- createProductAndVerifyProductInformation -->
        <test-method is-config="true" signature="afMethod()[pri:0, instance:CreateProductTest@1c7696c6]" started-at="2024-02-04T13:44:47 IST" name="afMethod" finished-at="2024-02-04T13:44:49 IST" duration-ms="1441" status="PASS">
          <reporter-output>
          </reporter-output>
        </test-method> <!-- afMethod -->
        <test-method is-config="true" signature="acConfig()[pri:0, instance:CreateProductTest@1c7696c6]" started-at="2024-02-04T13:44:49 IST" name="acConfig" finished-at="2024-02-04T13:44:49 IST" duration-ms="354" status="PASS">
          <reporter-output>
          </reporter-output>
        </test-method> <!-- acConfig -->
        <test-method is-config="true" signature="atConfig()[pri:0, instance:CreateProductTest@1c7696c6]" started-at="2024-02-04T13:44:49 IST" name="atConfig" finished-at="2024-02-04T13:44:49 IST" duration-ms="0" status="PASS">
          <reporter-output>
          </reporter-output>
        </test-method> <!-- atConfig -->
        <test-method is-config="true" signature="asConfig()[pri:0, instance:CreateProductTest@1c7696c6]" started-at="2024-02-04T13:44:49 IST" name="asConfig" finished-at="2024-02-04T13:44:49 IST" duration-ms="9" status="PASS">
          <reporter-output>
          </reporter-output>
        </test-method> <!-- asConfig -->
      </class> <!-- CreateProductTest -->
    </test> <!-- Default test -->
  </suite> <!-- Default suite -->
</testng-results>
