<?xml version="1.0" encoding="UTF-8"?>
<!-- Generated by org.testng.reporters.JUnitXMLReporter -->
<testsuite ignored="4" hostname="DESKTOP-38M9TK5" failures="1" tests="5" name="Surefire test" time="105.531" errors="0" timestamp="2024-02-04T15:42:00 IST">
  <testcase classname="CreateProductTest" name="createProductAndVerifyProductInformation" time="20.079"/>
  <testcase classname="leads.ToCreateALeadTest" name="toCreatALeadAndVerifyTheLeadDetailsTest" time="14.372">
    <skipped/>
  </testcase> <!-- toCreatALeadAndVerifyTheLeadDetailsTest -->
  <testcase classname="leads.ToCreateALeadTest" name="toCreatALeadAndVerifyTheLeadDetailsTest" time="15.176">
    <skipped/>
  </testcase> <!-- toCreatALeadAndVerifyTheLeadDetailsTest -->
  <testcase classname="leads.ToCreateALeadTest" name="toCreatALeadAndVerifyTheLeadDetailsTest" time="13.492">
    <skipped/>
  </testcase> <!-- toCreatALeadAndVerifyTheLeadDetailsTest -->
  <testcase classname="leads.ToCreateALeadTest" name="toCreatALeadAndVerifyTheLeadDetailsTest" time="13.324">
    <failure type="java.lang.NullPointerException">
      <![CDATA[java.lang.NullPointerException
at genericUtility.DataBaseUtility.fetchDataFromDataBase(DataBaseUtility.java:10)
at leads.ToCreateALeadTest.toCreatALeadAndVerifyTheLeadDetailsTest(ToCreateALeadTest.java:59)
at java.base/java.util.ArrayList.forEach(ArrayList.java:1541)
... Removed 32 stack frames]]>
    </failure>
  </testcase> <!-- toCreatALeadAndVerifyTheLeadDetailsTest -->
  <testcase classname="genericUtility.BaseClass" name="@BeforeSuite bsConfig" time="0.0">
    <ignored/>
  </testcase> <!-- @BeforeSuite bsConfig -->
  <testcase classname="genericUtility.BaseClass" name="@AfterTest atConfig" time="0.0">
    <ignored/>
  </testcase> <!-- @AfterTest atConfig -->
  <testcase classname="genericUtility.BaseClass" name="@BeforeTest btConfig" time="0.0">
    <ignored/>
  </testcase> <!-- @BeforeTest btConfig -->
  <testcase classname="genericUtility.BaseClass" name="@AfterSuite asConfig" time="0.0">
    <ignored/>
  </testcase> <!-- @AfterSuite asConfig -->
</testsuite> <!-- Surefire test -->
